<?xml version="1.0" encoding="UTF-8"?>
<!-- Generated by org.testng.reporters.JUnitReportReporter -->
<testsuite hostname="TW-1056" failures="3" tests="19" name="org.example.testRunner.runners" time="258.119" errors="1" timestamp="2022-11-16T00:58:59 AST" skipped="0">
  <testcase classname="org.example.testRunner.runners" name="runScenario" time="8.926"/>
  <system-out/>
  <testcase classname="org.example.testRunner.runners" name="runScenario" time="20.545"/>
  <system-out/>
  <testcase classname="org.example.testRunner.runners" name="runScenario" time="8.064">
    <failure message="expected [true] but found [false]" type="java.lang.AssertionError">
      <![CDATA[java.lang.AssertionError: expected [true] but found [false]
at org.testng.Assert.fail(Assert.java:110)
at org.testng.Assert.failNotEquals(Assert.java:1413)
at org.testng.Assert.assertTrue(Assert.java:56)
at org.testng.Assert.assertTrue(Assert.java:66)
at org.example.stepDefinitions.D06_homeSlidersStepDef.assertURL(D06_homeSlidersStepDef.java:31)
at ✽.user should be directed to "https://demo.nopcommerce.com/iphone-6"(file:///C:/eclipse-workspace/MyProjects/FWD-Ecommerce-Testing/src/main/resources/features/F06_homeSliders.feature:14)
]]>
    </failure>
  </testcase> <!-- runScenario -->
  <system-out/>
  <testcase classname="org.example.testRunner.runners" name="runScenario" time="27.586"/>
  <system-out/>
  <testcase classname="org.example.testRunner.runners" name="runScenario" time="18.329">
    <error message="no such element: Unable to locate element: {&quot;method&quot;:&quot;css selector&quot;,&quot;selector&quot;:&quot;div[class=&quot;result&quot;]&quot;}
  (Session info: chrome=107.0.5304.107)
For documentation on this error, please visit: https://selenium.dev/exceptions/#no_such_element
Build info: version: &#039;4.4.0&#039;, revision: &#039;e5c75ed026a&#039;
System info: host: &#039;TW-1056&#039;, ip: &#039;192.168.1.5&#039;, os.name: &#039;Windows 11&#039;, os.arch: &#039;amd64&#039;, os.version: &#039;10.0&#039;, java.version: &#039;17.0.2&#039;
Driver info: org.openqa.selenium.chrome.ChromeDriver
Command: [e8176a17cee3aaa3bc84c6d0a42669e8, findElement {using=css selector, value=div[class=&quot;result&quot;]}]
Capabilities {acceptInsecureCerts: false, browserName: chrome, browserVersion: 107.0.5304.107, chrome: {chromedriverVersion: 107.0.5304.62 (1eec40d3a576..., userDataDir: C:\Users\HESHAM~1\AppData\L...}, goog:chromeOptions: {debuggerAddress: localhost:53164}, networkConnectionEnabled: false, pageLoadStrategy: normal, platformName: WINDOWS, proxy: Proxy(), se:cdp: ws://localhost:53164/devtoo..., se:cdpVersion: 107.0.5304.107, setWindowRect: true, strictFileInteractability: false, timeouts: {implicit: 0, pageLoad: 300000, script: 30000}, unhandledPromptBehavior: dismiss and notify, webauthn:extension:credBlob: true, webauthn:extension:largeBlob: true, webauthn:virtualAuthenticators: true}
Session ID: e8176a17cee3aaa3bc84c6d0a42669e8" type="org.openqa.selenium.NoSuchElementException">
      <![CDATA[org.openqa.selenium.NoSuchElementException: no such element: Unable to locate element: {"method":"css selector","selector":"div[class="result"]"}
  (Session info: chrome=107.0.5304.107)
For documentation on this error, please visit: https://selenium.dev/exceptions/#no_such_element
Build info: version: '4.4.0', revision: 'e5c75ed026a'
System info: host: 'TW-1056', ip: '192.168.1.5', os.name: 'Windows 11', os.arch: 'amd64', os.version: '10.0', java.version: '17.0.2'
Driver info: org.openqa.selenium.chrome.ChromeDriver
Command: [e8176a17cee3aaa3bc84c6d0a42669e8, findElement {using=css selector, value=div[class="result"]}]
Capabilities {acceptInsecureCerts: false, browserName: chrome, browserVersion: 107.0.5304.107, chrome: {chromedriverVersion: 107.0.5304.62 (1eec40d3a576..., userDataDir: C:\Users\HESHAM~1\AppData\L...}, goog:chromeOptions: {debuggerAddress: localhost:53164}, networkConnectionEnabled: false, pageLoadStrategy: normal, platformName: WINDOWS, proxy: Proxy(), se:cdp: ws://localhost:53164/devtoo..., se:cdpVersion: 107.0.5304.107, setWindowRect: true, strictFileInteractability: false, timeouts: {implicit: 0, pageLoad: 300000, script: 30000}, unhandledPromptBehavior: dismiss and notify, webauthn:extension:credBlob: true, webauthn:extension:largeBlob: true, webauthn:virtualAuthenticators: true}
Session ID: e8176a17cee3aaa3bc84c6d0a42669e8
at java.base/jdk.internal.reflect.NativeConstructorAccessorImpl.newInstance0(Native Method)
at java.base/jdk.internal.reflect.NativeConstructorAccessorImpl.newInstance(NativeConstructorAccessorImpl.java:77)
at java.base/jdk.internal.reflect.DelegatingConstructorAccessorImpl.newInstance(DelegatingConstructorAccessorImpl.java:45)
at java.base/java.lang.reflect.Constructor.newInstanceWithCaller(Constructor.java:499)
at java.base/java.lang.reflect.Constructor.newInstance(Constructor.java:480)
at org.openqa.selenium.remote.codec.w3c.W3CHttpResponseCodec.createException(W3CHttpResponseCodec.java:200)
at org.openqa.selenium.remote.codec.w3c.W3CHttpResponseCodec.decode(W3CHttpResponseCodec.java:133)
at org.openqa.selenium.remote.codec.w3c.W3CHttpResponseCodec.decode(W3CHttpResponseCodec.java:53)
at org.openqa.selenium.remote.HttpCommandExecutor.execute(HttpCommandExecutor.java:184)
at org.openqa.selenium.remote.service.DriverCommandExecutor.invokeExecute(DriverCommandExecutor.java:167)
at org.openqa.selenium.remote.service.DriverCommandExecutor.execute(DriverCommandExecutor.java:142)
at org.openqa.selenium.remote.RemoteWebDriver.execute(RemoteWebDriver.java:547)
at org.openqa.selenium.remote.ElementLocation$ElementFinder$2.findElement(ElementLocation.java:162)
at org.openqa.selenium.remote.ElementLocation.findElement(ElementLocation.java:60)
at org.openqa.selenium.remote.RemoteWebDriver.findElement(RemoteWebDriver.java:365)
at org.openqa.selenium.remote.RemoteWebDriver.findElement(RemoteWebDriver.java:357)
at org.example.pages.registerPage.confirmationMessage(registerPage.java:70)
at org.example.stepDefinitions.D01_registerStepDef.assertSucessfulRegistration(D01_registerStepDef.java:71)
at ✽.success message is displayed(file:///C:/eclipse-workspace/MyProjects/FWD-Ecommerce-Testing/src/main/resources/features/F01_Register.feature:13)
]]>
    </error>
  </testcase> <!-- runScenario -->
  <system-out/>
  <testcase classname="org.example.testRunner.runners" name="runScenario" time="7.734"/>
  <system-out/>
  <testcase classname="org.example.testRunner.runners" name="runScenario" time="9.353"/>
  <system-out/>
  <testcase classname="org.example.testRunner.runners" name="runScenario" time="7.078">
    <failure message="expected [true] but found [false]" type="java.lang.AssertionError">
      <![CDATA[java.lang.AssertionError: expected [true] but found [false]
at org.testng.Assert.fail(Assert.java:110)
at org.testng.Assert.failNotEquals(Assert.java:1413)
at org.testng.Assert.assertTrue(Assert.java:56)
at org.testng.Assert.assertTrue(Assert.java:66)
at org.example.stepDefinitions.D07_followUsStepDef.assertURL(D07_followUsStepDef.java:30)
at ✽.page url should be "https://demo.nopcommerce.com/new-online-store-is-open"(file:///C:/eclipse-workspace/MyProjects/FWD-Ecommerce-Testing/src/main/resources/features/F07_followUs.feature:21)
]]>
    </failure>
  </testcase> <!-- runScenario -->
  <system-out/>
  <testcase classname="org.example.testRunner.runners" name="runScenario" time="7.703">
    <failure message="expected [true] but found [false]" type="java.lang.AssertionError">
      <![CDATA[java.lang.AssertionError: expected [true] but found [false]
at org.testng.Assert.fail(Assert.java:110)
at org.testng.Assert.failNotEquals(Assert.java:1413)
at org.testng.Assert.assertTrue(Assert.java:56)
at org.testng.Assert.assertTrue(Assert.java:66)
at org.example.stepDefinitions.D06_homeSlidersStepDef.assertURL(D06_homeSlidersStepDef.java:31)
at ✽.user should be directed to "https://demo.nopcommerce.com/nokia-lumia-1020"(file:///C:/eclipse-workspace/MyProjects/FWD-Ecommerce-Testing/src/main/resources/features/F06_homeSliders.feature:8)
]]>
    </failure>
  </testcase> <!-- runScenario -->
  <system-out/>
  <testcase classname="org.example.testRunner.runners" name="runScenario" time="10.194"/>
  <system-out/>
  <testcase classname="org.example.testRunner.runners" name="runScenario" time="8.218"/>
  <system-out/>
  <testcase classname="org.example.testRunner.runners" name="runScenario" time="25.480"/>
  <system-out/>
  <testcase classname="org.example.testRunner.runners" name="runScenario" time="12.548"/>
  <system-out/>
  <testcase classname="org.example.testRunner.runners" name="runScenario" time="19.094"/>
  <system-out/>
  <testcase classname="org.example.testRunner.runners" name="runScenario" time="11.366"/>
  <system-out/>
  <testcase classname="org.example.testRunner.runners" name="runScenario" time="8.278"/>
  <system-out/>
  <testcase classname="org.example.testRunner.runners" name="runScenario" time="10.885"/>
  <system-out/>
  <testcase classname="org.example.testRunner.runners" name="runScenario" time="13.012"/>
  <system-out/>
  <testcase classname="org.example.testRunner.runners" name="runScenario" time="23.726"/>
  <system-out/>
</testsuite> <!-- org.example.testRunner.runners -->
